

================================================================
== Synthesis Summary Report of 'pixel_unpack'
================================================================
+ General Information: 
    * Date:           Sat Apr 29 15:19:27 2023
    * Version:        2022.1 (Build 3526262 on Mon Apr 18 15:48:16 MDT 2022)
    * Project:        pixel_unpack
    * Solution:       solution1 (Vivado IP Flow Target)
    * Product family: zynq
    * Target device:  xc7z020-clg400-1
    

+ Performance & Resource Estimates: 
    
    PS: '+' for module; 'o' for loop; '*' for dataflow
    +------------------------------------------+------+------+---------+--------+----------+---------+------+----------+------+----+-----------+-----------+-----+
    |                  Modules                 | Issue|      | Latency | Latency| Iteration|         | Trip |          |      |    |           |           |     |
    |                  & Loops                 | Type | Slack| (cycles)|  (ns)  |  Latency | Interval| Count| Pipelined| BRAM | DSP|     FF    |    LUT    | URAM|
    +------------------------------------------+------+------+---------+--------+----------+---------+------+----------+------+----+-----------+-----------+-----+
    |+ pixel_unpack                            |     -|  3.13|        -|       -|         -|        -|     -|        no|     -|   -|  330 (~0%)|   806 (1%)|    -|
    | + pixel_unpack_Pipeline_VITIS_LOOP_85_9  |     -|  5.11|        -|       -|         -|        -|     -|        no|     -|   -|   28 (~0%)|   85 (~0%)|    -|
    |  o VITIS_LOOP_85_9                       |     -|  5.11|        -|       -|         2|        2|     -|       yes|     -|   -|          -|          -|    -|
    | + pixel_unpack_Pipeline_VITIS_LOOP_68_7  |     -|  5.11|        -|       -|         -|        -|     -|        no|     -|   -|   20 (~0%)|   85 (~0%)|    -|
    |  o VITIS_LOOP_68_7                       |     -|  5.11|        -|       -|         2|        2|     -|       yes|     -|   -|          -|          -|    -|
    | + pixel_unpack_Pipeline_VITIS_LOOP_51_5  |     -|  5.11|        -|       -|         -|        -|     -|        no|     -|   -|   30 (~0%)|  107 (~0%)|    -|
    |  o VITIS_LOOP_51_5                       |     -|  5.11|        -|       -|         4|        4|     -|       yes|     -|   -|          -|          -|    -|
    | + pixel_unpack_Pipeline_VITIS_LOOP_40_4  |     -|  5.11|        -|       -|         -|        -|     -|        no|     -|   -|    2 (~0%)|   29 (~0%)|    -|
    |  o VITIS_LOOP_40_4                       |     -|  5.11|        -|       -|         1|        1|     -|       yes|     -|   -|          -|          -|    -|
    | + pixel_unpack_Pipeline_VITIS_LOOP_19_1  |     -|  4.13|        -|       -|         -|        -|     -|        no|     -|   -|  109 (~0%)|  150 (~0%)|    -|
    |  o VITIS_LOOP_19_1                       |     -|  5.11|        -|       -|         6|        4|     -|       yes|     -|   -|          -|          -|    -|
    +------------------------------------------+------+------+---------+--------+----------+---------+------+----------+------+----+-----------+-----------+-----+


================================================================
== HW Interfaces
================================================================
* S_AXILITE Interfaces
+---------------+------------+---------------+--------+----------+
| Interface     | Data Width | Address Width | Offset | Register |
+---------------+------------+---------------+--------+----------+
| s_axi_control | 32         | 5             | 16     | 1        |
+---------------+------------+---------------+--------+----------+

* S_AXILITE Registers
+---------------+----------+--------+-------+--------+---------------------+
| Interface     | Register | Offset | Width | Access | Description         |
+---------------+----------+--------+-------+--------+---------------------+
| s_axi_control | mode     | 0x10   | 32    | W      | Data signal of mode |
+---------------+----------+--------+-------+--------+---------------------+

* AXIS
+---------------+---------------+-------+-------+-------+--------+-------+-------+--------+
| Interface     | Register Mode | TDATA | TKEEP | TLAST | TREADY | TSTRB | TUSER | TVALID |
+---------------+---------------+-------+-------+-------+--------+-------+-------+--------+
| stream_in_32  | both          | 32    | 4     | 1     | 1      | 4     | 1     | 1      |
| stream_out_24 | both          | 24    | 3     | 1     | 1      | 3     | 1     | 1      |
+---------------+---------------+-------+-------+-------+--------+-------+-------+--------+

* TOP LEVEL CONTROL
+-----------+--------------+----------+
| Interface | Type         | Ports    |
+-----------+--------------+----------+
| ap_clk    | clock        | ap_clk   |
| ap_rst_n  | reset        | ap_rst_n |
| ap_ctrl   | ap_ctrl_none |          |
+-----------+--------------+----------+


================================================================
== SW I/O Information
================================================================
* Top Function Arguments
+---------------+-----------+---------------------------------------------+
| Argument      | Direction | Datatype                                    |
+---------------+-----------+---------------------------------------------+
| stream_in_32  | in        | stream<hls::axis<ap_uint<32>, 1, 0, 0>, 0>& |
| stream_out_24 | out       | stream<hls::axis<ap_uint<24>, 1, 0, 0>, 0>& |
| mode          | in        | int                                         |
+---------------+-----------+---------------------------------------------+

* SW-to-HW Mapping
+---------------+---------------+-----------+--------------------------------+
| Argument      | HW Interface  | HW Type   | HW Info                        |
+---------------+---------------+-----------+--------------------------------+
| stream_in_32  | stream_in_32  | interface |                                |
| stream_out_24 | stream_out_24 | interface |                                |
| mode          | s_axi_control | register  | name=mode offset=0x10 range=32 |
+---------------+---------------+-----------+--------------------------------+


================================================================
== M_AXI Burst Information
================================================================
 Note: All burst requests might be further partitioned into multiple requests during RTL generation based on max_read_burst_length or max_write_burst_length settings.

  No burst in design

================================================================
== Bind Op Report
================================================================
  No bind op info in design

================================================================
== Bind Storage Report
================================================================
  No bind storage info in design

================================================================
== Pragma Report
================================================================
* Valid Pragma Syntax
+-----------+-------------------------------------------+-----------------------------------------------------------------+
| Type      | Options                                   | Location                                                        |
+-----------+-------------------------------------------+-----------------------------------------------------------------+
| interface | ap_ctrl_none port=return                  | pixel_unpack/pixel_unpack.cpp:9 in pixel_unpack, return         |
| interface | s_axilite register port=mode              | pixel_unpack/pixel_unpack.cpp:10 in pixel_unpack, mode          |
| interface | axis depth=24 port=stream_in_32 register  | pixel_unpack/pixel_unpack.cpp:11 in pixel_unpack, stream_in_32  |
| interface | axis depth=96 port=stream_out_24 register | pixel_unpack/pixel_unpack.cpp:12 in pixel_unpack, stream_out_24 |
| pipeline  | II=4                                      | pixel_unpack/pixel_unpack.cpp:20 in pixel_unpack                |
| pipeline  | II=1                                      | pixel_unpack/pixel_unpack.cpp:41 in pixel_unpack                |
| pipeline  | II=4                                      | pixel_unpack/pixel_unpack.cpp:52 in pixel_unpack                |
| pipeline  | II=2                                      | pixel_unpack/pixel_unpack.cpp:69 in pixel_unpack                |
| pipeline  | II=2                                      | pixel_unpack/pixel_unpack.cpp:86 in pixel_unpack                |
+-----------+-------------------------------------------+-----------------------------------------------------------------+


