

================================================================
== Vitis HLS Report for 'pixel_unpack_Pipeline_VITIS_LOOP_19_1'
================================================================
* Date:           Sat Apr 29 15:19:27 2023

* Version:        2022.1 (Build 3526262 on Mon Apr 18 15:48:16 MDT 2022)
* Project:        pixel_unpack
* Solution:       solution1 (Vivado IP Flow Target)
* Product family: zynq
* Target device:  xc7z020-clg400-1


================================================================
== Performance Estimates
================================================================
+ Timing: 
    * Summary: 
    +--------+---------+----------+------------+
    |  Clock |  Target | Estimated| Uncertainty|
    +--------+---------+----------+------------+
    |ap_clk  |  7.00 ns|  0.978 ns|     1.89 ns|
    +--------+---------+----------+------------+

+ Latency: 
    * Summary: 
    +---------+---------+----------+----------+-----+-----+---------+
    |  Latency (cycles) |  Latency (absolute) |  Interval | Pipeline|
    |   min   |   max   |    min   |    max   | min | max |   Type  |
    +---------+---------+----------+----------+-----+-----+---------+
    |        ?|        ?|         ?|         ?|    ?|    ?|       no|
    +---------+---------+----------+----------+-----+-----+---------+

    + Detail: 
        * Instance: 
        N/A

        * Loop: 
        +-------------------+---------+---------+----------+-----------+-----------+------+----------+
        |                   |  Latency (cycles) | Iteration|  Initiation Interval  | Trip |          |
        |     Loop Name     |   min   |   max   |  Latency |  achieved |   target  | Count| Pipelined|
        +-------------------+---------+---------+----------+-----------+-----------+------+----------+
        |- VITIS_LOOP_19_1  |        ?|        ?|         6|          4|          4|     ?|       yes|
        +-------------------+---------+---------+----------+-----------+-----------+------+----------+



================================================================
== Utilization Estimates
================================================================
* Summary: 
+-----------------+---------+-----+--------+-------+-----+
|       Name      | BRAM_18K| DSP |   FF   |  LUT  | URAM|
+-----------------+---------+-----+--------+-------+-----+
|DSP              |        -|    -|       -|      -|    -|
|Expression       |        -|    -|       0|     18|    -|
|FIFO             |        -|    -|       -|      -|    -|
|Instance         |        -|    -|       -|      -|    -|
|Memory           |        -|    -|       -|      -|    -|
|Multiplexer      |        -|    -|       -|    132|    -|
|Register         |        -|    -|     109|      -|    -|
+-----------------+---------+-----+--------+-------+-----+
|Total            |        0|    0|     109|    150|    0|
+-----------------+---------+-----+--------+-------+-----+
|Available        |      280|  220|  106400|  53200|    0|
+-----------------+---------+-----+--------+-------+-----+
|Utilization (%)  |        0|    0|      ~0|     ~0|    0|
+-----------------+---------+-----+--------+-------+-----+

+ Detail: 
    * Instance: 
    N/A

    * DSP: 
    N/A

    * Memory: 
    N/A

    * FIFO: 
    N/A

    * Expression: 
    +----------------------------------+----------+----+---+----+------------+------------+
    |           Variable Name          | Operation| DSP| FF| LUT| Bitwidth P0| Bitwidth P1|
    +----------------------------------+----------+----+---+----+------------+------------+
    |ap_block_pp0_stage2_01001         |       and|   0|  0|   2|           1|           1|
    |ap_block_pp0_stage3_01001         |       and|   0|  0|   2|           1|           1|
    |ap_block_pp0_stage0_01001         |        or|   0|  0|   2|           1|           1|
    |ap_block_state3_pp0_stage2_iter0  |        or|   0|  0|   2|           1|           1|
    |has_user_V_fu_163_p2              |        or|   0|  0|   2|           1|           1|
    |last_fu_176_p2                    |        or|   0|  0|   2|           1|           1|
    |or_ln28_fu_170_p2                 |        or|   0|  0|   2|           1|           1|
    |or_ln904_fu_157_p2                |        or|   0|  0|   2|           1|           1|
    |ap_enable_pp0                     |       xor|   0|  0|   2|           1|           2|
    +----------------------------------+----------+----+---+----+------------+------------+
    |Total                             |          |   0|  0|  18|           9|          10|
    +----------------------------------+----------+----+---+----+------------+------------+

    * Multiplexer: 
    +----------------------------------+----+-----------+-----+-----------+
    |               Name               | LUT| Input Size| Bits| Total Bits|
    +----------------------------------+----+-----------+-----+-----------+
    |ap_NS_fsm                         |  25|          5|    1|          5|
    |ap_done_int                       |   9|          2|    1|          2|
    |ap_enable_reg_pp0_iter0           |   9|          2|    1|          2|
    |ap_enable_reg_pp0_iter1           |   9|          2|    1|          2|
    |ap_loop_exit_ready_pp0_iter1_reg  |   9|          2|    1|          2|
    |stream_in_32_TDATA_blk_n          |   9|          2|    1|          2|
    |stream_out_24_TDATA               |  25|          5|   24|        120|
    |stream_out_24_TDATA_blk_n         |   9|          2|    1|          2|
    |stream_out_24_TLAST               |  14|          3|    1|          3|
    |stream_out_24_TUSER               |  14|          3|    1|          3|
    +----------------------------------+----+-----------+-----+-----------+
    |Total                             | 132|         28|   33|        143|
    +----------------------------------+----+-----------+-----+-----------+

    * Register: 
    +----------------------------------+----+----+-----+-----------+
    |               Name               | FF | LUT| Bits| Const Bits|
    +----------------------------------+----+----+-----+-----------+
    |ap_CS_fsm                         |   4|   0|    4|          0|
    |ap_done_reg                       |   1|   0|    1|          0|
    |ap_enable_reg_pp0_iter0_reg       |   1|   0|    1|          0|
    |ap_enable_reg_pp0_iter1           |   1|   0|    1|          0|
    |ap_loop_exit_ready_pp0_iter1_reg  |   1|   0|    1|          0|
    |empty_17_reg_226_3                |   1|   0|    1|          0|
    |empty_17_reg_226_4                |   1|   0|    1|          0|
    |empty_reg_210_3                   |   1|   0|    1|          0|
    |empty_reg_210_4                   |   1|   0|    1|          0|
    |last_reg_242                      |   1|   0|    1|          0|
    |out_pixel_data_V_3_reg_252        |  24|   0|   24|          0|
    |out_pixel_data_V_reg_216          |  24|   0|   24|          0|
    |tmp_2_reg_237                     |  16|   0|   16|          0|
    |tmp_reg_221                       |   8|   0|    8|          0|
    |trunc_ln674_1_reg_247             |   8|   0|    8|          0|
    |trunc_ln674_reg_232               |  16|   0|   16|          0|
    +----------------------------------+----+----+-----+-----------+
    |Total                             | 109|   0|  109|          0|
    +----------------------------------+----+----+-----+-----------+



================================================================
== Interface
================================================================
* Summary: 
+----------------------+-----+-----+------------+---------------------------------------+--------------+
|       RTL Ports      | Dir | Bits|  Protocol  |             Source Object             |    C Type    |
+----------------------+-----+-----+------------+---------------------------------------+--------------+
|ap_clk                |   in|    1|  ap_ctrl_hs|  pixel_unpack_Pipeline_VITIS_LOOP_19_1|  return value|
|ap_rst                |   in|    1|  ap_ctrl_hs|  pixel_unpack_Pipeline_VITIS_LOOP_19_1|  return value|
|ap_start              |   in|    1|  ap_ctrl_hs|  pixel_unpack_Pipeline_VITIS_LOOP_19_1|  return value|
|ap_done               |  out|    1|  ap_ctrl_hs|  pixel_unpack_Pipeline_VITIS_LOOP_19_1|  return value|
|ap_idle               |  out|    1|  ap_ctrl_hs|  pixel_unpack_Pipeline_VITIS_LOOP_19_1|  return value|
|ap_ready              |  out|    1|  ap_ctrl_hs|  pixel_unpack_Pipeline_VITIS_LOOP_19_1|  return value|
|stream_out_24_TREADY  |   in|    1|        axis|                 stream_out_24_V_data_V|       pointer|
|stream_out_24_TDATA   |  out|   24|        axis|                 stream_out_24_V_data_V|       pointer|
|stream_in_32_TDATA    |   in|   32|        axis|                  stream_in_32_V_data_V|       pointer|
|stream_in_32_TVALID   |   in|    1|        axis|                  stream_in_32_V_data_V|       pointer|
|stream_in_32_TREADY   |  out|    1|        axis|                  stream_in_32_V_last_V|       pointer|
|stream_in_32_TLAST    |   in|    1|        axis|                  stream_in_32_V_last_V|       pointer|
|stream_in_32_TKEEP    |   in|    4|        axis|                  stream_in_32_V_keep_V|       pointer|
|stream_in_32_TSTRB    |   in|    4|        axis|                  stream_in_32_V_strb_V|       pointer|
|stream_in_32_TUSER    |   in|    1|        axis|                  stream_in_32_V_user_V|       pointer|
|stream_out_24_TVALID  |  out|    1|        axis|                 stream_out_24_V_last_V|       pointer|
|stream_out_24_TLAST   |  out|    1|        axis|                 stream_out_24_V_last_V|       pointer|
|stream_out_24_TKEEP   |  out|    3|        axis|                 stream_out_24_V_keep_V|       pointer|
|stream_out_24_TSTRB   |  out|    3|        axis|                 stream_out_24_V_strb_V|       pointer|
|stream_out_24_TUSER   |  out|    1|        axis|                 stream_out_24_V_user_V|       pointer|
+----------------------+-----+-----+------------+---------------------------------------+--------------+

