

================================================================
== Vitis HLS Report for 'pixel_unpack_Pipeline_VITIS_LOOP_85_9'
================================================================
* Date:           Sat Apr 29 15:19:26 2023

* Version:        2022.1 (Build 3526262 on Mon Apr 18 15:48:16 MDT 2022)
* Project:        pixel_unpack
* Solution:       solution1 (Vivado IP Flow Target)
* Product family: zynq
* Target device:  xc7z020-clg400-1


================================================================
== Performance Estimates
================================================================
+ Timing: 
    * Summary: 
    +--------+---------+----------+------------+
    |  Clock |  Target | Estimated| Uncertainty|
    +--------+---------+----------+------------+
    |ap_clk  |  7.00 ns|      0 ns|     1.89 ns|
    +--------+---------+----------+------------+

+ Latency: 
    * Summary: 
    +---------+---------+----------+----------+-----+-----+---------+
    |  Latency (cycles) |  Latency (absolute) |  Interval | Pipeline|
    |   min   |   max   |    min   |    max   | min | max |   Type  |
    +---------+---------+----------+----------+-----+-----+---------+
    |        ?|        ?|         ?|         ?|    ?|    ?|       no|
    +---------+---------+----------+----------+-----+-----+---------+

    + Detail: 
        * Instance: 
        N/A

        * Loop: 
        +-------------------+---------+---------+----------+-----------+-----------+------+----------+
        |                   |  Latency (cycles) | Iteration|  Initiation Interval  | Trip |          |
        |     Loop Name     |   min   |   max   |  Latency |  achieved |   target  | Count| Pipelined|
        +-------------------+---------+---------+----------+-----------+-----------+------+----------+
        |- VITIS_LOOP_85_9  |        ?|        ?|         2|          2|          2|     ?|       yes|
        +-------------------+---------+---------+----------+-----------+-----------+------+----------+



================================================================
== Utilization Estimates
================================================================
* Summary: 
+-----------------+---------+-----+--------+-------+-----+
|       Name      | BRAM_18K| DSP |   FF   |  LUT  | URAM|
+-----------------+---------+-----+--------+-------+-----+
|DSP              |        -|    -|       -|      -|    -|
|Expression       |        -|    -|       0|      2|    -|
|FIFO             |        -|    -|       -|      -|    -|
|Instance         |        -|    -|       -|      -|    -|
|Memory           |        -|    -|       -|      -|    -|
|Multiplexer      |        -|    -|       -|     83|    -|
|Register         |        -|    -|      28|      -|    -|
+-----------------+---------+-----+--------+-------+-----+
|Total            |        0|    0|      28|     85|    0|
+-----------------+---------+-----+--------+-------+-----+
|Available        |      280|  220|  106400|  53200|    0|
+-----------------+---------+-----+--------+-------+-----+
|Utilization (%)  |        0|    0|      ~0|     ~0|    0|
+-----------------+---------+-----+--------+-------+-----+

+ Detail: 
    * Instance: 
    N/A

    * DSP: 
    N/A

    * Memory: 
    N/A

    * FIFO: 
    N/A

    * Expression: 
    +----------------------------------+----------+----+---+----+------------+------------+
    |           Variable Name          | Operation| DSP| FF| LUT| Bitwidth P0| Bitwidth P1|
    +----------------------------------+----------+----+---+----+------------+------------+
    |ap_block_state1_pp0_stage0_iter0  |        or|   0|  0|   2|           1|           1|
    +----------------------------------+----------+----+---+----+------------+------------+
    |Total                             |          |   0|  0|   2|           1|           1|
    +----------------------------------+----------+----+---+----+------------+------------+

    * Multiplexer: 
    +---------------------------+----+-----------+-----+-----------+
    |            Name           | LUT| Input Size| Bits| Total Bits|
    +---------------------------+----+-----------+-----+-----------+
    |ap_NS_fsm                  |  14|          3|    1|          3|
    |ap_done_int                |   9|          2|    1|          2|
    |stream_in_32_TDATA_blk_n   |   9|          2|    1|          2|
    |stream_out_24_TDATA        |  14|          3|   24|         72|
    |stream_out_24_TDATA_blk_n  |   9|          2|    1|          2|
    |stream_out_24_TLAST        |  14|          3|    1|          3|
    |stream_out_24_TUSER        |  14|          3|    1|          3|
    +---------------------------+----+-----------+-----+-----------+
    |Total                      |  83|         18|   30|         87|
    +---------------------------+----+-----------+-----+-----------+

    * Register: 
    +--------------------+---+----+-----+-----------+
    |        Name        | FF| LUT| Bits| Const Bits|
    +--------------------+---+----+-----+-----------+
    |ap_CS_fsm           |  2|   0|    2|          0|
    |ap_done_reg         |  1|   0|    1|          0|
    |tmp_1_reg_179       |  8|   0|    8|          0|
    |tmp_2_reg_184       |  8|   0|    8|          0|
    |tmp_last_V_reg_169  |  1|   0|    1|          0|
    |tmp_s_reg_174       |  8|   0|    8|          0|
    +--------------------+---+----+-----+-----------+
    |Total               | 28|   0|   28|          0|
    +--------------------+---+----+-----+-----------+



================================================================
== Interface
================================================================
* Summary: 
+----------------------+-----+-----+------------+---------------------------------------+--------------+
|       RTL Ports      | Dir | Bits|  Protocol  |             Source Object             |    C Type    |
+----------------------+-----+-----+------------+---------------------------------------+--------------+
|ap_clk                |   in|    1|  ap_ctrl_hs|  pixel_unpack_Pipeline_VITIS_LOOP_85_9|  return value|
|ap_rst                |   in|    1|  ap_ctrl_hs|  pixel_unpack_Pipeline_VITIS_LOOP_85_9|  return value|
|ap_start              |   in|    1|  ap_ctrl_hs|  pixel_unpack_Pipeline_VITIS_LOOP_85_9|  return value|
|ap_done               |  out|    1|  ap_ctrl_hs|  pixel_unpack_Pipeline_VITIS_LOOP_85_9|  return value|
|ap_idle               |  out|    1|  ap_ctrl_hs|  pixel_unpack_Pipeline_VITIS_LOOP_85_9|  return value|
|ap_ready              |  out|    1|  ap_ctrl_hs|  pixel_unpack_Pipeline_VITIS_LOOP_85_9|  return value|
|stream_out_24_TREADY  |   in|    1|        axis|                 stream_out_24_V_data_V|       pointer|
|stream_out_24_TDATA   |  out|   24|        axis|                 stream_out_24_V_data_V|       pointer|
|stream_in_32_TDATA    |   in|   32|        axis|                  stream_in_32_V_data_V|       pointer|
|stream_in_32_TVALID   |   in|    1|        axis|                  stream_in_32_V_data_V|       pointer|
|stream_in_32_TREADY   |  out|    1|        axis|                  stream_in_32_V_last_V|       pointer|
|stream_in_32_TLAST    |   in|    1|        axis|                  stream_in_32_V_last_V|       pointer|
|stream_in_32_TKEEP    |   in|    4|        axis|                  stream_in_32_V_keep_V|       pointer|
|stream_in_32_TSTRB    |   in|    4|        axis|                  stream_in_32_V_strb_V|       pointer|
|stream_in_32_TUSER    |   in|    1|        axis|                  stream_in_32_V_user_V|       pointer|
|stream_out_24_TVALID  |  out|    1|        axis|                 stream_out_24_V_last_V|       pointer|
|stream_out_24_TLAST   |  out|    1|        axis|                 stream_out_24_V_last_V|       pointer|
|stream_out_24_TKEEP   |  out|    3|        axis|                 stream_out_24_V_keep_V|       pointer|
|stream_out_24_TSTRB   |  out|    3|        axis|                 stream_out_24_V_strb_V|       pointer|
|stream_out_24_TUSER   |  out|    1|        axis|                 stream_out_24_V_user_V|       pointer|
+----------------------+-----+-----+------------+---------------------------------------+--------------+

============================================================
+ Verbose Summary: Synthesis Manager
============================================================
InlineROM: 1
ExposeGlobal: 0
============================================================
+ Verbose Summary: CDFG Model
============================================================
IsTopModel: 0
ResetActiveHigh: 1
IsCombinational: 2
IsDatapathOnly: 2
HasWiredReturn: 1
HasMFsm: 2
HasVarLatency: 1
IsPipeline: 0
IsRtlPipelined: 0
IsInstanceOverlapped: 0
IsDontTouch: 0
HasImplIP: 0
IsGatedGlobalClock: 0

+ Individual pipeline summary: 
  * Pipeline-0: initiation interval (II) = 2, depth = 2


============================================================
+ Verbose Summary: Schedule
============================================================
* Number of FSM states : 2
* Pipeline : 1
  Pipeline-0 : II = 2, D = 2, States = { 1 2 }
* Dataflow Pipeline: 0

* FSM state transitions: 
1 --> 2 
2 --> 

* FSM state operations: 

State 1 <SV = 0> <Delay = 0.00>
ST_1 : Operation 5 [1/1] (0.00ns)   --->   "%specinterface_ln0 = specinterface void @_ssdm_op_SpecInterface, i1 %stream_out_24_V_last_V, void @empty, i32 0, i32 0, void @empty_0, i32 0, i32 96, void @empty_1, void @empty_1, void @empty_1, i32 0, i32 0, i32 0, i32 0, void @empty_1, void @empty_1, i32 4294967295, i32 0"   --->   Operation 5 'specinterface' 'specinterface_ln0' <Predicate = true> <Delay = 0.00>
ST_1 : Operation 6 [1/1] (0.00ns)   --->   "%specinterface_ln0 = specinterface void @_ssdm_op_SpecInterface, i1 %stream_out_24_V_user_V, void @empty, i32 0, i32 0, void @empty_0, i32 0, i32 96, void @empty_1, void @empty_1, void @empty_1, i32 0, i32 0, i32 0, i32 0, void @empty_1, void @empty_1, i32 4294967295, i32 0"   --->   Operation 6 'specinterface' 'specinterface_ln0' <Predicate = true> <Delay = 0.00>
ST_1 : Operation 7 [1/1] (0.00ns)   --->   "%specinterface_ln0 = specinterface void @_ssdm_op_SpecInterface, i3 %stream_out_24_V_strb_V, void @empty, i32 0, i32 0, void @empty_0, i32 0, i32 96, void @empty_1, void @empty_1, void @empty_1, i32 0, i32 0, i32 0, i32 0, void @empty_1, void @empty_1, i32 4294967295, i32 0"   --->   Operation 7 'specinterface' 'specinterface_ln0' <Predicate = true> <Delay = 0.00>
ST_1 : Operation 8 [1/1] (0.00ns)   --->   "%specinterface_ln0 = specinterface void @_ssdm_op_SpecInterface, i3 %stream_out_24_V_keep_V, void @empty, i32 0, i32 0, void @empty_0, i32 0, i32 96, void @empty_1, void @empty_1, void @empty_1, i32 0, i32 0, i32 0, i32 0, void @empty_1, void @empty_1, i32 4294967295, i32 0"   --->   Operation 8 'specinterface' 'specinterface_ln0' <Predicate = true> <Delay = 0.00>
ST_1 : Operation 9 [1/1] (0.00ns)   --->   "%specinterface_ln0 = specinterface void @_ssdm_op_SpecInterface, i24 %stream_out_24_V_data_V, void @empty, i32 0, i32 0, void @empty_0, i32 0, i32 96, void @empty_1, void @empty_1, void @empty_1, i32 0, i32 0, i32 0, i32 0, void @empty_1, void @empty_1, i32 4294967295, i32 0"   --->   Operation 9 'specinterface' 'specinterface_ln0' <Predicate = true> <Delay = 0.00>
ST_1 : Operation 10 [1/1] (0.00ns)   --->   "%specinterface_ln0 = specinterface void @_ssdm_op_SpecInterface, i1 %stream_in_32_V_last_V, void @empty, i32 0, i32 0, void @empty_0, i32 0, i32 24, void @empty_1, void @empty_1, void @empty_1, i32 0, i32 0, i32 0, i32 0, void @empty_1, void @empty_1, i32 4294967295, i32 0"   --->   Operation 10 'specinterface' 'specinterface_ln0' <Predicate = true> <Delay = 0.00>
ST_1 : Operation 11 [1/1] (0.00ns)   --->   "%specinterface_ln0 = specinterface void @_ssdm_op_SpecInterface, i1 %stream_in_32_V_user_V, void @empty, i32 0, i32 0, void @empty_0, i32 0, i32 24, void @empty_1, void @empty_1, void @empty_1, i32 0, i32 0, i32 0, i32 0, void @empty_1, void @empty_1, i32 4294967295, i32 0"   --->   Operation 11 'specinterface' 'specinterface_ln0' <Predicate = true> <Delay = 0.00>
ST_1 : Operation 12 [1/1] (0.00ns)   --->   "%specinterface_ln0 = specinterface void @_ssdm_op_SpecInterface, i4 %stream_in_32_V_strb_V, void @empty, i32 0, i32 0, void @empty_0, i32 0, i32 24, void @empty_1, void @empty_1, void @empty_1, i32 0, i32 0, i32 0, i32 0, void @empty_1, void @empty_1, i32 4294967295, i32 0"   --->   Operation 12 'specinterface' 'specinterface_ln0' <Predicate = true> <Delay = 0.00>
ST_1 : Operation 13 [1/1] (0.00ns)   --->   "%specinterface_ln0 = specinterface void @_ssdm_op_SpecInterface, i4 %stream_in_32_V_keep_V, void @empty, i32 0, i32 0, void @empty_0, i32 0, i32 24, void @empty_1, void @empty_1, void @empty_1, i32 0, i32 0, i32 0, i32 0, void @empty_1, void @empty_1, i32 4294967295, i32 0"   --->   Operation 13 'specinterface' 'specinterface_ln0' <Predicate = true> <Delay = 0.00>
ST_1 : Operation 14 [1/1] (0.00ns)   --->   "%specinterface_ln0 = specinterface void @_ssdm_op_SpecInterface, i32 %stream_in_32_V_data_V, void @empty, i32 0, i32 0, void @empty_0, i32 0, i32 24, void @empty_1, void @empty_1, void @empty_1, i32 0, i32 0, i32 0, i32 0, void @empty_1, void @empty_1, i32 4294967295, i32 0"   --->   Operation 14 'specinterface' 'specinterface_ln0' <Predicate = true> <Delay = 0.00>
ST_1 : Operation 15 [1/1] (0.00ns)   --->   "%br_ln0 = br void %for.body141"   --->   Operation 15 'br' 'br_ln0' <Predicate = true> <Delay = 0.00>
ST_1 : Operation 16 [1/1] (0.00ns)   --->   "%empty = read i42 @_ssdm_op_Read.axis.volatile.i32P0A.i4P0A.i4P0A.i1P0A.i1P0A, i32 %stream_in_32_V_data_V, i4 %stream_in_32_V_keep_V, i4 %stream_in_32_V_strb_V, i1 %stream_in_32_V_user_V, i1 %stream_in_32_V_last_V"   --->   Operation 16 'read' 'empty' <Predicate = true> <Delay = 0.00> <CoreInst = "axis">   --->   Core 115 'axis' <Latency = 0> <II = 1> <Delay = 1.00> <Adapter> <Opcode : >
ST_1 : Operation 17 [1/1] (0.00ns)   --->   "%tmp_data_V_2 = extractvalue i42 %empty"   --->   Operation 17 'extractvalue' 'tmp_data_V_2' <Predicate = true> <Delay = 0.00>
ST_1 : Operation 18 [1/1] (0.00ns)   --->   "%tmp_user_V = extractvalue i42 %empty"   --->   Operation 18 'extractvalue' 'tmp_user_V' <Predicate = true> <Delay = 0.00>
ST_1 : Operation 19 [1/1] (0.00ns)   --->   "%tmp_last_V = extractvalue i42 %empty"   --->   Operation 19 'extractvalue' 'tmp_last_V' <Predicate = true> <Delay = 0.00>
ST_1 : Operation 20 [1/1] (0.00ns)   --->   "%tmp_s = partselect i8 @_ssdm_op_PartSelect.i8.i32.i32.i32, i32 %tmp_data_V_2, i32 8, i32 15"   --->   Operation 20 'partselect' 'tmp_s' <Predicate = true> <Delay = 0.00>
ST_1 : Operation 21 [1/1] (0.00ns)   --->   "%tmp_1 = partselect i8 @_ssdm_op_PartSelect.i8.i32.i32.i32, i32 %tmp_data_V_2, i32 24, i32 31"   --->   Operation 21 'partselect' 'tmp_1' <Predicate = true> <Delay = 0.00>
ST_1 : Operation 22 [1/1] (0.00ns)   --->   "%trunc_ln414 = trunc i32 %tmp_data_V_2"   --->   Operation 22 'trunc' 'trunc_ln414' <Predicate = true> <Delay = 0.00>
ST_1 : Operation 23 [1/1] (0.00ns)   --->   "%p_Result_s = bitconcatenate i24 @_ssdm_op_BitConcatenate.i24.i8.i16, i8 %tmp_1, i16 %trunc_ln414"   --->   Operation 23 'bitconcatenate' 'p_Result_s' <Predicate = true> <Delay = 0.00>
ST_1 : Operation 24 [1/1] (0.00ns)   --->   "%write_ln304 = write void @_ssdm_op_Write.axis.volatile.i24P0A.i3P0A.i3P0A.i1P0A.i1P0A, i24 %stream_out_24_V_data_V, i3 %stream_out_24_V_keep_V, i3 %stream_out_24_V_strb_V, i1 %stream_out_24_V_user_V, i1 %stream_out_24_V_last_V, i24 %p_Result_s, i3 0, i3 0, i1 %tmp_user_V, i1 0"   --->   Operation 24 'write' 'write_ln304' <Predicate = true> <Delay = 0.00> <CoreInst = "axis">   --->   Core 115 'axis' <Latency = 0> <II = 1> <Delay = 1.00> <Adapter> <Opcode : >
ST_1 : Operation 25 [1/1] (0.00ns)   --->   "%tmp_2 = partselect i8 @_ssdm_op_PartSelect.i8.i32.i32.i32, i32 %tmp_data_V_2, i32 16, i32 23"   --->   Operation 25 'partselect' 'tmp_2' <Predicate = true> <Delay = 0.00>

State 2 <SV = 1> <Delay = 0.00>
ST_2 : Operation 26 [1/1] (0.00ns)   --->   "%specpipeline_ln86 = specpipeline void @_ssdm_op_SpecPipeline, i32 2, i32 0, i32 0, i32 0, void @empty_1" [pixel_unpack/pixel_unpack.cpp:86]   --->   Operation 26 'specpipeline' 'specpipeline_ln86' <Predicate = true> <Delay = 0.00>
ST_2 : Operation 27 [1/1] (0.00ns)   --->   "%specloopname_ln0 = specloopname void @_ssdm_op_SpecLoopName, void @empty_12"   --->   Operation 27 'specloopname' 'specloopname_ln0' <Predicate = true> <Delay = 0.00>
ST_2 : Operation 28 [1/1] (0.00ns)   --->   "%p_Result_1 = bitconcatenate i24 @_ssdm_op_BitConcatenate.i24.i8.i8.i8, i8 %tmp_1, i8 %tmp_s, i8 %tmp_2"   --->   Operation 28 'bitconcatenate' 'p_Result_1' <Predicate = true> <Delay = 0.00>
ST_2 : Operation 29 [1/1] (0.00ns)   --->   "%write_ln304 = write void @_ssdm_op_Write.axis.volatile.i24P0A.i3P0A.i3P0A.i1P0A.i1P0A, i24 %stream_out_24_V_data_V, i3 %stream_out_24_V_keep_V, i3 %stream_out_24_V_strb_V, i1 %stream_out_24_V_user_V, i1 %stream_out_24_V_last_V, i24 %p_Result_1, i3 0, i3 0, i1 0, i1 %tmp_last_V"   --->   Operation 29 'write' 'write_ln304' <Predicate = true> <Delay = 0.00> <CoreInst = "axis">   --->   Core 115 'axis' <Latency = 0> <II = 1> <Delay = 1.00> <Adapter> <Opcode : >
ST_2 : Operation 30 [1/1] (0.00ns)   --->   "%br_ln85 = br i1 %tmp_last_V, void %for.body141, void %sw.epilog.loopexit.exitStub" [pixel_unpack/pixel_unpack.cpp:85]   --->   Operation 30 'br' 'br_ln85' <Predicate = true> <Delay = 0.00>
ST_2 : Operation 31 [1/1] (0.00ns)   --->   "%ret_ln0 = ret"   --->   Operation 31 'ret' 'ret_ln0' <Predicate = (tmp_last_V)> <Delay = 0.00>


============================================================
+ Verbose Summary: Binding
============================================================
STG Binding: 
---------------- STG Properties BEGIN ----------------
- Is combinational: 0
- Is one-state seq: 0
- Is datapath-only: 0
- Is pipelined: 0
- Is top level: 0
Port [ Return ] is wired: 1; IO mode=ap_ctrl_hs:ce=0
Port [ stream_in_32_V_data_V]:  wired=1; compound=1; hidden=0; nouse=0; global=0; static=0; extern=0; dir=0; type=0; pingpong=0; private_global=0; IO mode=axis:ce=0
Port [ stream_in_32_V_keep_V]:  wired=1; compound=1; hidden=0; nouse=0; global=0; static=0; extern=0; dir=0; type=0; pingpong=0; private_global=0; IO mode=axis:ce=0
Port [ stream_in_32_V_strb_V]:  wired=1; compound=1; hidden=0; nouse=0; global=0; static=0; extern=0; dir=0; type=0; pingpong=0; private_global=0; IO mode=axis:ce=0
Port [ stream_in_32_V_user_V]:  wired=1; compound=1; hidden=0; nouse=0; global=0; static=0; extern=0; dir=0; type=0; pingpong=0; private_global=0; IO mode=axis:ce=0
Port [ stream_in_32_V_last_V]:  wired=1; compound=1; hidden=0; nouse=0; global=0; static=0; extern=0; dir=0; type=0; pingpong=0; private_global=0; IO mode=axis:ce=0
Port [ stream_out_24_V_data_V]:  wired=1; compound=1; hidden=0; nouse=0; global=0; static=0; extern=0; dir=1; type=0; pingpong=0; private_global=0; IO mode=axis:ce=0
Port [ stream_out_24_V_keep_V]:  wired=1; compound=1; hidden=0; nouse=0; global=0; static=0; extern=0; dir=1; type=0; pingpong=0; private_global=0; IO mode=axis:ce=0
Port [ stream_out_24_V_strb_V]:  wired=1; compound=1; hidden=0; nouse=0; global=0; static=0; extern=0; dir=1; type=0; pingpong=0; private_global=0; IO mode=axis:ce=0
Port [ stream_out_24_V_user_V]:  wired=1; compound=1; hidden=0; nouse=0; global=0; static=0; extern=0; dir=1; type=0; pingpong=0; private_global=0; IO mode=axis:ce=0
Port [ stream_out_24_V_last_V]:  wired=1; compound=1; hidden=0; nouse=0; global=0; static=0; extern=0; dir=1; type=0; pingpong=0; private_global=0; IO mode=axis:ce=0
---------------- STG Properties END ------------------

---------------- Datapath Model BEGIN ----------------

<LifeTime>
<method=bitvector/>
specinterface_ln0 (specinterface ) [ 000]
specinterface_ln0 (specinterface ) [ 000]
specinterface_ln0 (specinterface ) [ 000]
specinterface_ln0 (specinterface ) [ 000]
specinterface_ln0 (specinterface ) [ 000]
specinterface_ln0 (specinterface ) [ 000]
specinterface_ln0 (specinterface ) [ 000]
specinterface_ln0 (specinterface ) [ 000]
specinterface_ln0 (specinterface ) [ 000]
specinterface_ln0 (specinterface ) [ 000]
br_ln0            (br            ) [ 000]
empty             (read          ) [ 000]
tmp_data_V_2      (extractvalue  ) [ 000]
tmp_user_V        (extractvalue  ) [ 000]
tmp_last_V        (extractvalue  ) [ 001]
tmp_s             (partselect    ) [ 001]
tmp_1             (partselect    ) [ 001]
trunc_ln414       (trunc         ) [ 000]
p_Result_s        (bitconcatenate) [ 000]
write_ln304       (write         ) [ 000]
tmp_2             (partselect    ) [ 001]
specpipeline_ln86 (specpipeline  ) [ 000]
specloopname_ln0  (specloopname  ) [ 000]
p_Result_1        (bitconcatenate) [ 000]
write_ln304       (write         ) [ 000]
br_ln85           (br            ) [ 000]
ret_ln0           (ret           ) [ 000]
</LifeTime>

<model>

<comp_list>
<comp id="0" class="1000" name="stream_in_32_V_data_V">
<pin_list>
<pin id="1" dir="1" index="0" bw="1" slack="0"/>
</pin_list>
<bind>
<StgValue><ssdm name="stream_in_32_V_data_V"/></StgValue>
</bind>
</comp>

<comp id="2" class="1000" name="stream_in_32_V_keep_V">
<pin_list>
<pin id="3" dir="1" index="0" bw="1" slack="0"/>
</pin_list>
<bind>
<StgValue><ssdm name="stream_in_32_V_keep_V"/></StgValue>
</bind>
</comp>

<comp id="4" class="1000" name="stream_in_32_V_strb_V">
<pin_list>
<pin id="5" dir="1" index="0" bw="1" slack="0"/>
</pin_list>
<bind>
<StgValue><ssdm name="stream_in_32_V_strb_V"/></StgValue>
</bind>
</comp>

<comp id="6" class="1000" name="stream_in_32_V_user_V">
<pin_list>
<pin id="7" dir="1" index="0" bw="1" slack="0"/>
</pin_list>
<bind>
<StgValue><ssdm name="stream_in_32_V_user_V"/></StgValue>
</bind>
</comp>

<comp id="8" class="1000" name="stream_in_32_V_last_V">
<pin_list>
<pin id="9" dir="1" index="0" bw="1" slack="0"/>
</pin_list>
<bind>
<StgValue><ssdm name="stream_in_32_V_last_V"/></StgValue>
</bind>
</comp>

<comp id="10" class="1000" name="stream_out_24_V_data_V">
<pin_list>
<pin id="11" dir="1" index="0" bw="1" slack="0"/>
</pin_list>
<bind>
<StgValue><ssdm name="stream_out_24_V_data_V"/></StgValue>
</bind>
</comp>

<comp id="12" class="1000" name="stream_out_24_V_keep_V">
<pin_list>
<pin id="13" dir="1" index="0" bw="1" slack="0"/>
</pin_list>
<bind>
<StgValue><ssdm name="stream_out_24_V_keep_V"/></StgValue>
</bind>
</comp>

<comp id="14" class="1000" name="stream_out_24_V_strb_V">
<pin_list>
<pin id="15" dir="1" index="0" bw="1" slack="0"/>
</pin_list>
<bind>
<StgValue><ssdm name="stream_out_24_V_strb_V"/></StgValue>
</bind>
</comp>

<comp id="16" class="1000" name="stream_out_24_V_user_V">
<pin_list>
<pin id="17" dir="1" index="0" bw="1" slack="0"/>
</pin_list>
<bind>
<StgValue><ssdm name="stream_out_24_V_user_V"/></StgValue>
</bind>
</comp>

<comp id="18" class="1000" name="stream_out_24_V_last_V">
<pin_list>
<pin id="19" dir="1" index="0" bw="1" slack="0"/>
</pin_list>
<bind>
<StgValue><ssdm name="stream_out_24_V_last_V"/></StgValue>
</bind>
</comp>

<comp id="20" class="1001" name="const_20">
<pin_list>
<pin id="21" dir="1" index="0" bw="1" slack="2147483647"/>
</pin_list>
<bind>
<StgValue><ssdm name="_ssdm_op_SpecInterface"/></StgValue>
</bind>
</comp>

<comp id="22" class="1001" name="const_22">
<pin_list>
<pin id="23" dir="1" index="0" bw="1" slack="2147483647"/>
</pin_list>
<bind>
<StgValue><ssdm name="empty"/></StgValue>
</bind>
</comp>

<comp id="24" class="1001" name="const_24">
<pin_list>
<pin id="25" dir="1" index="0" bw="1" slack="2147483647"/>
</pin_list>
<bind>
<StgValue><ssdm name=""/></StgValue>
</bind>
</comp>

<comp id="26" class="1001" name="const_26">
<pin_list>
<pin id="27" dir="1" index="0" bw="1" slack="2147483647"/>
</pin_list>
<bind>
<StgValue><ssdm name="empty_0"/></StgValue>
</bind>
</comp>

<comp id="28" class="1001" name="const_28">
<pin_list>
<pin id="29" dir="1" index="0" bw="1" slack="2147483647"/>
</pin_list>
<bind>
<StgValue><ssdm name=""/></StgValue>
</bind>
</comp>

<comp id="30" class="1001" name="const_30">
<pin_list>
<pin id="31" dir="1" index="0" bw="1" slack="2147483647"/>
</pin_list>
<bind>
<StgValue><ssdm name="empty_1"/></StgValue>
</bind>
</comp>

<comp id="32" class="1001" name="const_32">
<pin_list>
<pin id="33" dir="1" index="0" bw="1" slack="2147483647"/>
</pin_list>
<bind>
<StgValue><ssdm name=""/></StgValue>
</bind>
</comp>

<comp id="34" class="1001" name="const_34">
<pin_list>
<pin id="35" dir="1" index="0" bw="1" slack="0"/>
</pin_list>
<bind>
<StgValue><ssdm name=""/></StgValue>
</bind>
</comp>

<comp id="36" class="1001" name="const_36">
<pin_list>
<pin id="37" dir="1" index="0" bw="1" slack="0"/>
</pin_list>
<bind>
<StgValue><ssdm name="_ssdm_op_Read.axis.volatile.i32P0A.i4P0A.i4P0A.i1P0A.i1P0A"/></StgValue>
</bind>
</comp>

<comp id="38" class="1001" name="const_38">
<pin_list>
<pin id="39" dir="1" index="0" bw="1" slack="0"/>
</pin_list>
<bind>
<StgValue><ssdm name="_ssdm_op_PartSelect.i8.i32.i32.i32"/></StgValue>
</bind>
</comp>

<comp id="40" class="1001" name="const_40">
<pin_list>
<pin id="41" dir="1" index="0" bw="1" slack="0"/>
</pin_list>
<bind>
<StgValue><ssdm name=""/></StgValue>
</bind>
</comp>

<comp id="42" class="1001" name="const_42">
<pin_list>
<pin id="43" dir="1" index="0" bw="1" slack="0"/>
</pin_list>
<bind>
<StgValue><ssdm name=""/></StgValue>
</bind>
</comp>

<comp id="44" class="1001" name="const_44">
<pin_list>
<pin id="45" dir="1" index="0" bw="1" slack="0"/>
</pin_list>
<bind>
<StgValue><ssdm name=""/></StgValue>
</bind>
</comp>

<comp id="46" class="1001" name="const_46">
<pin_list>
<pin id="47" dir="1" index="0" bw="1" slack="0"/>
</pin_list>
<bind>
<StgValue><ssdm name="_ssdm_op_BitConcatenate.i24.i8.i16"/></StgValue>
</bind>
</comp>

<comp id="48" class="1001" name="const_48">
<pin_list>
<pin id="49" dir="1" index="0" bw="1" slack="0"/>
</pin_list>
<bind>
<StgValue><ssdm name="_ssdm_op_Write.axis.volatile.i24P0A.i3P0A.i3P0A.i1P0A.i1P0A"/></StgValue>
</bind>
</comp>

<comp id="50" class="1001" name="const_50">
<pin_list>
<pin id="51" dir="1" index="0" bw="1" slack="0"/>
</pin_list>
<bind>
<StgValue><ssdm name=""/></StgValue>
</bind>
</comp>

<comp id="52" class="1001" name="const_52">
<pin_list>
<pin id="53" dir="1" index="0" bw="1" slack="0"/>
</pin_list>
<bind>
<StgValue><ssdm name=""/></StgValue>
</bind>
</comp>

<comp id="54" class="1001" name="const_54">
<pin_list>
<pin id="55" dir="1" index="0" bw="1" slack="0"/>
</pin_list>
<bind>
<StgValue><ssdm name=""/></StgValue>
</bind>
</comp>

<comp id="56" class="1001" name="const_56">
<pin_list>
<pin id="57" dir="1" index="0" bw="1" slack="0"/>
</pin_list>
<bind>
<StgValue><ssdm name=""/></StgValue>
</bind>
</comp>

<comp id="58" class="1001" name="const_58">
<pin_list>
<pin id="59" dir="1" index="0" bw="1" slack="2147483647"/>
</pin_list>
<bind>
<StgValue><ssdm name="_ssdm_op_SpecPipeline"/></StgValue>
</bind>
</comp>

<comp id="60" class="1001" name="const_60">
<pin_list>
<pin id="61" dir="1" index="0" bw="1" slack="2147483647"/>
</pin_list>
<bind>
<StgValue><ssdm name=""/></StgValue>
</bind>
</comp>

<comp id="62" class="1001" name="const_62">
<pin_list>
<pin id="63" dir="1" index="0" bw="1" slack="2147483647"/>
</pin_list>
<bind>
<StgValue><ssdm name="_ssdm_op_SpecLoopName"/></StgValue>
</bind>
</comp>

<comp id="64" class="1001" name="const_64">
<pin_list>
<pin id="65" dir="1" index="0" bw="1" slack="2147483647"/>
</pin_list>
<bind>
<StgValue><ssdm name="empty_12"/></StgValue>
</bind>
</comp>

<comp id="66" class="1001" name="const_66">
<pin_list>
<pin id="67" dir="1" index="0" bw="1" slack="0"/>
</pin_list>
<bind>
<StgValue><ssdm name="_ssdm_op_BitConcatenate.i24.i8.i8.i8"/></StgValue>
</bind>
</comp>

<comp id="68" class="1004" name="empty_read_fu_68">
<pin_list>
<pin id="69" dir="0" index="0" bw="42" slack="0"/>
<pin id="70" dir="0" index="1" bw="32" slack="0"/>
<pin id="71" dir="0" index="2" bw="4" slack="0"/>
<pin id="72" dir="0" index="3" bw="4" slack="0"/>
<pin id="73" dir="0" index="4" bw="1" slack="0"/>
<pin id="74" dir="0" index="5" bw="1" slack="0"/>
<pin id="75" dir="1" index="6" bw="42" slack="0"/>
</pin_list>
<bind>
<opcode="read(1150) " fcode="read"/>
<opset="empty/1 "/>
</bind>
</comp>

<comp id="82" class="1004" name="grp_write_fu_82">
<pin_list>
<pin id="83" dir="0" index="0" bw="0" slack="0"/>
<pin id="84" dir="0" index="1" bw="24" slack="0"/>
<pin id="85" dir="0" index="2" bw="3" slack="0"/>
<pin id="86" dir="0" index="3" bw="3" slack="0"/>
<pin id="87" dir="0" index="4" bw="1" slack="0"/>
<pin id="88" dir="0" index="5" bw="1" slack="0"/>
<pin id="89" dir="0" index="6" bw="24" slack="0"/>
<pin id="90" dir="0" index="7" bw="1" slack="0"/>
<pin id="91" dir="0" index="8" bw="1" slack="0"/>
<pin id="92" dir="0" index="9" bw="1" slack="0"/>
<pin id="93" dir="0" index="10" bw="1" slack="0"/>
<pin id="94" dir="1" index="11" bw="0" slack="2147483647"/>
</pin_list>
<bind>
<opcode="write(1151) " fcode="write"/>
<opset="write_ln304/1 write_ln304/2 "/>
</bind>
</comp>

<comp id="105" class="1004" name="tmp_data_V_2_fu_105">
<pin_list>
<pin id="106" dir="0" index="0" bw="42" slack="0"/>
<pin id="107" dir="1" index="1" bw="32" slack="0"/>
</pin_list>
<bind>
<opcode="extractvalue(56) " fcode="extractvalue"/>
<opset="tmp_data_V_2/1 "/>
</bind>
</comp>

<comp id="109" class="1004" name="tmp_user_V_fu_109">
<pin_list>
<pin id="110" dir="0" index="0" bw="42" slack="0"/>
<pin id="111" dir="1" index="1" bw="1" slack="0"/>
</pin_list>
<bind>
<opcode="extractvalue(56) " fcode="extractvalue"/>
<opset="tmp_user_V/1 "/>
</bind>
</comp>

<comp id="114" class="1004" name="tmp_last_V_fu_114">
<pin_list>
<pin id="115" dir="0" index="0" bw="42" slack="0"/>
<pin id="116" dir="1" index="1" bw="1" slack="1"/>
</pin_list>
<bind>
<opcode="extractvalue(56) " fcode="extractvalue"/>
<opset="tmp_last_V/1 "/>
</bind>
</comp>

<comp id="118" class="1004" name="tmp_s_fu_118">
<pin_list>
<pin id="119" dir="0" index="0" bw="8" slack="0"/>
<pin id="120" dir="0" index="1" bw="32" slack="0"/>
<pin id="121" dir="0" index="2" bw="5" slack="0"/>
<pin id="122" dir="0" index="3" bw="5" slack="0"/>
<pin id="123" dir="1" index="4" bw="8" slack="1"/>
</pin_list>
<bind>
<opcode="partselect(1002) " fcode="partselect"/>
<opset="tmp_s/1 "/>
</bind>
</comp>

<comp id="128" class="1004" name="tmp_1_fu_128">
<pin_list>
<pin id="129" dir="0" index="0" bw="8" slack="0"/>
<pin id="130" dir="0" index="1" bw="32" slack="0"/>
<pin id="131" dir="0" index="2" bw="6" slack="0"/>
<pin id="132" dir="0" index="3" bw="6" slack="0"/>
<pin id="133" dir="1" index="4" bw="8" slack="0"/>
</pin_list>
<bind>
<opcode="partselect(1002) " fcode="partselect"/>
<opset="tmp_1/1 "/>
</bind>
</comp>

<comp id="138" class="1004" name="trunc_ln414_fu_138">
<pin_list>
<pin id="139" dir="0" index="0" bw="32" slack="0"/>
<pin id="140" dir="1" index="1" bw="16" slack="0"/>
</pin_list>
<bind>
<opcode="trunc(33) " fcode="trunc"/>
<opset="trunc_ln414/1 "/>
</bind>
</comp>

<comp id="142" class="1004" name="p_Result_s_fu_142">
<pin_list>
<pin id="143" dir="0" index="0" bw="24" slack="0"/>
<pin id="144" dir="0" index="1" bw="8" slack="0"/>
<pin id="145" dir="0" index="2" bw="16" slack="0"/>
<pin id="146" dir="1" index="3" bw="24" slack="0"/>
</pin_list>
<bind>
<opcode="bitconcatenate(1004) " fcode="bitconcatenate"/>
<opset="p_Result_s/1 "/>
</bind>
</comp>

<comp id="151" class="1004" name="tmp_2_fu_151">
<pin_list>
<pin id="152" dir="0" index="0" bw="8" slack="0"/>
<pin id="153" dir="0" index="1" bw="32" slack="0"/>
<pin id="154" dir="0" index="2" bw="6" slack="0"/>
<pin id="155" dir="0" index="3" bw="6" slack="0"/>
<pin id="156" dir="1" index="4" bw="8" slack="1"/>
</pin_list>
<bind>
<opcode="partselect(1002) " fcode="partselect"/>
<opset="tmp_2/1 "/>
</bind>
</comp>

<comp id="161" class="1004" name="p_Result_1_fu_161">
<pin_list>
<pin id="162" dir="0" index="0" bw="24" slack="0"/>
<pin id="163" dir="0" index="1" bw="8" slack="1"/>
<pin id="164" dir="0" index="2" bw="8" slack="1"/>
<pin id="165" dir="0" index="3" bw="8" slack="1"/>
<pin id="166" dir="1" index="4" bw="24" slack="0"/>
</pin_list>
<bind>
<opcode="bitconcatenate(1004) " fcode="bitconcatenate"/>
<opset="p_Result_1/2 "/>
</bind>
</comp>

<comp id="169" class="1005" name="tmp_last_V_reg_169">
<pin_list>
<pin id="170" dir="0" index="0" bw="1" slack="1"/>
<pin id="171" dir="1" index="1" bw="1" slack="1"/>
</pin_list>
<bind>
<opset="tmp_last_V "/>
</bind>
</comp>

<comp id="174" class="1005" name="tmp_s_reg_174">
<pin_list>
<pin id="175" dir="0" index="0" bw="8" slack="1"/>
<pin id="176" dir="1" index="1" bw="8" slack="1"/>
</pin_list>
<bind>
<opset="tmp_s "/>
</bind>
</comp>

<comp id="179" class="1005" name="tmp_1_reg_179">
<pin_list>
<pin id="180" dir="0" index="0" bw="8" slack="1"/>
<pin id="181" dir="1" index="1" bw="8" slack="1"/>
</pin_list>
<bind>
<opset="tmp_1 "/>
</bind>
</comp>

<comp id="184" class="1005" name="tmp_2_reg_184">
<pin_list>
<pin id="185" dir="0" index="0" bw="8" slack="1"/>
<pin id="186" dir="1" index="1" bw="8" slack="1"/>
</pin_list>
<bind>
<opset="tmp_2 "/>
</bind>
</comp>

</comp_list>

<net_list>
<net id="76"><net_src comp="36" pin="0"/><net_sink comp="68" pin=0"/></net>

<net id="77"><net_src comp="0" pin="0"/><net_sink comp="68" pin=1"/></net>

<net id="78"><net_src comp="2" pin="0"/><net_sink comp="68" pin=2"/></net>

<net id="79"><net_src comp="4" pin="0"/><net_sink comp="68" pin=3"/></net>

<net id="80"><net_src comp="6" pin="0"/><net_sink comp="68" pin=4"/></net>

<net id="81"><net_src comp="8" pin="0"/><net_sink comp="68" pin=5"/></net>

<net id="95"><net_src comp="48" pin="0"/><net_sink comp="82" pin=0"/></net>

<net id="96"><net_src comp="10" pin="0"/><net_sink comp="82" pin=1"/></net>

<net id="97"><net_src comp="12" pin="0"/><net_sink comp="82" pin=2"/></net>

<net id="98"><net_src comp="14" pin="0"/><net_sink comp="82" pin=3"/></net>

<net id="99"><net_src comp="16" pin="0"/><net_sink comp="82" pin=4"/></net>

<net id="100"><net_src comp="18" pin="0"/><net_sink comp="82" pin=5"/></net>

<net id="101"><net_src comp="50" pin="0"/><net_sink comp="82" pin=7"/></net>

<net id="102"><net_src comp="50" pin="0"/><net_sink comp="82" pin=8"/></net>

<net id="103"><net_src comp="52" pin="0"/><net_sink comp="82" pin=10"/></net>

<net id="104"><net_src comp="52" pin="0"/><net_sink comp="82" pin=9"/></net>

<net id="108"><net_src comp="68" pin="6"/><net_sink comp="105" pin=0"/></net>

<net id="112"><net_src comp="68" pin="6"/><net_sink comp="109" pin=0"/></net>

<net id="113"><net_src comp="109" pin="1"/><net_sink comp="82" pin=9"/></net>

<net id="117"><net_src comp="68" pin="6"/><net_sink comp="114" pin=0"/></net>

<net id="124"><net_src comp="38" pin="0"/><net_sink comp="118" pin=0"/></net>

<net id="125"><net_src comp="105" pin="1"/><net_sink comp="118" pin=1"/></net>

<net id="126"><net_src comp="40" pin="0"/><net_sink comp="118" pin=2"/></net>

<net id="127"><net_src comp="42" pin="0"/><net_sink comp="118" pin=3"/></net>

<net id="134"><net_src comp="38" pin="0"/><net_sink comp="128" pin=0"/></net>

<net id="135"><net_src comp="105" pin="1"/><net_sink comp="128" pin=1"/></net>

<net id="136"><net_src comp="34" pin="0"/><net_sink comp="128" pin=2"/></net>

<net id="137"><net_src comp="44" pin="0"/><net_sink comp="128" pin=3"/></net>

<net id="141"><net_src comp="105" pin="1"/><net_sink comp="138" pin=0"/></net>

<net id="147"><net_src comp="46" pin="0"/><net_sink comp="142" pin=0"/></net>

<net id="148"><net_src comp="128" pin="4"/><net_sink comp="142" pin=1"/></net>

<net id="149"><net_src comp="138" pin="1"/><net_sink comp="142" pin=2"/></net>

<net id="150"><net_src comp="142" pin="3"/><net_sink comp="82" pin=6"/></net>

<net id="157"><net_src comp="38" pin="0"/><net_sink comp="151" pin=0"/></net>

<net id="158"><net_src comp="105" pin="1"/><net_sink comp="151" pin=1"/></net>

<net id="159"><net_src comp="54" pin="0"/><net_sink comp="151" pin=2"/></net>

<net id="160"><net_src comp="56" pin="0"/><net_sink comp="151" pin=3"/></net>

<net id="167"><net_src comp="66" pin="0"/><net_sink comp="161" pin=0"/></net>

<net id="168"><net_src comp="161" pin="4"/><net_sink comp="82" pin=6"/></net>

<net id="172"><net_src comp="114" pin="1"/><net_sink comp="169" pin=0"/></net>

<net id="173"><net_src comp="169" pin="1"/><net_sink comp="82" pin=10"/></net>

<net id="177"><net_src comp="118" pin="4"/><net_sink comp="174" pin=0"/></net>

<net id="178"><net_src comp="174" pin="1"/><net_sink comp="161" pin=2"/></net>

<net id="182"><net_src comp="128" pin="4"/><net_sink comp="179" pin=0"/></net>

<net id="183"><net_src comp="179" pin="1"/><net_sink comp="161" pin=1"/></net>

<net id="187"><net_src comp="151" pin="4"/><net_sink comp="184" pin=0"/></net>

<net id="188"><net_src comp="184" pin="1"/><net_sink comp="161" pin=3"/></net>

</net_list>

</model> 
---------------- Datapath Model END ------------------

* FSMD analyzer results:
  - Output states:
	Port: stream_in_32_V_data_V | {}
	Port: stream_in_32_V_keep_V | {}
	Port: stream_in_32_V_strb_V | {}
	Port: stream_in_32_V_user_V | {}
	Port: stream_in_32_V_last_V | {}
	Port: stream_out_24_V_data_V | {1 2 }
	Port: stream_out_24_V_keep_V | {1 2 }
	Port: stream_out_24_V_strb_V | {1 2 }
	Port: stream_out_24_V_user_V | {1 2 }
	Port: stream_out_24_V_last_V | {1 2 }
 - Input state : 
	Port: pixel_unpack_Pipeline_VITIS_LOOP_85_9 : stream_in_32_V_data_V | {1 }
	Port: pixel_unpack_Pipeline_VITIS_LOOP_85_9 : stream_in_32_V_keep_V | {1 }
	Port: pixel_unpack_Pipeline_VITIS_LOOP_85_9 : stream_in_32_V_strb_V | {1 }
	Port: pixel_unpack_Pipeline_VITIS_LOOP_85_9 : stream_in_32_V_user_V | {1 }
	Port: pixel_unpack_Pipeline_VITIS_LOOP_85_9 : stream_in_32_V_last_V | {1 }
	Port: pixel_unpack_Pipeline_VITIS_LOOP_85_9 : stream_out_24_V_data_V | {}
	Port: pixel_unpack_Pipeline_VITIS_LOOP_85_9 : stream_out_24_V_keep_V | {}
	Port: pixel_unpack_Pipeline_VITIS_LOOP_85_9 : stream_out_24_V_strb_V | {}
	Port: pixel_unpack_Pipeline_VITIS_LOOP_85_9 : stream_out_24_V_user_V | {}
	Port: pixel_unpack_Pipeline_VITIS_LOOP_85_9 : stream_out_24_V_last_V | {}
  - Chain level:
	State 1
		tmp_s : 1
		tmp_1 : 1
		trunc_ln414 : 1
		p_Result_s : 2
		write_ln304 : 3
		tmp_2 : 1
	State 2
		write_ln304 : 1


============================================================
+ Verbose Summary: Datapath Resource usage 
============================================================

* Functional unit list:
|----------|---------------------|
| Operation|   Functional Unit   |
|----------|---------------------|
|   read   |   empty_read_fu_68  |
|----------|---------------------|
|   write  |   grp_write_fu_82   |
|----------|---------------------|
|          | tmp_data_V_2_fu_105 |
|extractvalue|  tmp_user_V_fu_109  |
|          |  tmp_last_V_fu_114  |
|----------|---------------------|
|          |     tmp_s_fu_118    |
|partselect|     tmp_1_fu_128    |
|          |     tmp_2_fu_151    |
|----------|---------------------|
|   trunc  |  trunc_ln414_fu_138 |
|----------|---------------------|
|bitconcatenate|  p_Result_s_fu_142  |
|          |  p_Result_1_fu_161  |
|----------|---------------------|
|   Total  |                     |
|----------|---------------------|

Memories:
N/A

* Register list:
+------------------+--------+
|                  |   FF   |
+------------------+--------+
|   tmp_1_reg_179  |    8   |
|   tmp_2_reg_184  |    8   |
|tmp_last_V_reg_169|    1   |
|   tmp_s_reg_174  |    8   |
+------------------+--------+
|       Total      |   25   |
+------------------+--------+

* Multiplexer (MUX) list: 
|-----------------|------|------|------|--------||---------||---------|
|       Comp      |  Pin | Size |  BW  | S x BW ||  Delay  ||   LUT   |
|-----------------|------|------|------|--------||---------||---------|
| grp_write_fu_82 |  p6  |   2  |  24  |   48   ||    9    |
| grp_write_fu_82 |  p9  |   2  |   1  |    2   ||    9    |
| grp_write_fu_82 |  p10 |   2  |   1  |    2   ||    9    |
|-----------------|------|------|------|--------||---------||---------|
|      Total      |      |      |      |   52   ||  4.764  ||    27   |
|-----------------|------|------|------|--------||---------||---------|



* Summary:
+-----------+--------+--------+--------+
|           |  Delay |   FF   |   LUT  |
+-----------+--------+--------+--------+
|  Function |    -   |    -   |    -   |
|   Memory  |    -   |    -   |    -   |
|Multiplexer|    4   |    -   |   27   |
|  Register |    -   |   25   |    -   |
+-----------+--------+--------+--------+
|   Total   |    4   |   25   |   27   |
+-----------+--------+--------+--------+
